\BOOKMARK [0][-]{chapter.1}{\376\377\000L\000a\000\040\000p\000r\000o\000c\000\351\000d\000u\000r\000e\000\040\000c\000o\000n\000t\000e\000n\000t\000i\000e\000u\000s\000e\000\040\000\050\000c\000o\000n\000t\000e\000n\000t\000i\000e\000u\000x\000\040\000d\000e\000\040\000d\000r\000o\000i\000t\000\051}{}% 1
\BOOKMARK [1][-]{section.1.1}{\376\377\000L\000e\000\040\000p\000r\000i\000n\000c\000i\000p\000e\000\040\000d\000u\000\040\000p\000r\000\351\000a\000l\000a\000b\000l\000e\000\040\000a\000d\000m\000i\000n\000i\000s\000t\000r\000a\000t\000i\000f}{chapter.1}% 2
\BOOKMARK [2][-]{subsection.1.1.1}{\376\377\000F\000o\000n\000d\000e\000m\000e\000n\000t\000\040\000j\000u\000r\000i\000d\000i\000q\000u\000e}{section.1.1}% 3
\BOOKMARK [2][-]{subsection.1.1.2}{\376\377\000P\000o\000r\000t\000\351\000e\000\040\000e\000t\000\040\000j\000u\000s\000t\000i\000f\000i\000c\000a\000t\000i\000o\000n}{section.1.1}% 4
\BOOKMARK [1][-]{section.1.2}{\376\377\000L\000a\000\040\000r\000\351\000c\000l\000a\000m\000a\000t\000i\000o\000n\000\040\000c\000o\000n\000t\000e\000n\000t\000i\000e\000u\000s\000e\000\040\000p\000r\000\351\000a\000l\000a\000b\000l\000e}{chapter.1}% 5
\BOOKMARK [2][-]{subsection.1.2.1}{\376\377\000C\000o\000n\000d\000i\000t\000i\000o\000n\000s\000\040\000d\000e\000\040\000d\000\351\000l\000a\000i}{section.1.2}% 6
\BOOKMARK [2][-]{subsection.1.2.2}{\376\377\000C\000o\000n\000d\000i\000t\000i\000o\000n\000s\000\040\000d\000e\000\040\000f\000o\000r\000m\000e}{section.1.2}% 7
\BOOKMARK [2][-]{subsection.1.2.3}{\376\377\000Q\000u\000a\000l\000i\000t\000\351\000\040\000d\000u\000\040\000r\000\351\000c\000l\000a\000m\000a\000n\000t}{section.1.2}% 8
\BOOKMARK [2][-]{subsection.1.2.4}{\376\377\000E\000f\000f\000e\000t\000s\000\040\000j\000u\000r\000i\000d\000i\000q\000u\000e\000s\000\040\000d\000e\000\040\000l\000a\000\040\000r\000\351\000c\000l\000a\000m\000a\000t\000i\000o\000n}{section.1.2}% 9
\BOOKMARK [1][-]{section.1.3}{\376\377\000L\040\031\000i\000n\000s\000t\000r\000u\000c\000t\000i\000o\000n\000\040\000d\000e\000\040\000l\000a\000\040\000r\000\351\000c\000l\000a\000m\000a\000t\000i\000o\000n\000\040\000e\000n\000\040\000l\000a\000\040\000f\000o\000r\000m\000e}{chapter.1}% 10
\BOOKMARK [2][-]{subsection.1.3.1}{\376\377\000V\000\351\000r\000i\000f\000i\000c\000a\000t\000i\000o\000n\000\040\000d\000e\000\040\000l\000a\000\040\000r\000e\000c\000e\000v\000a\000b\000i\000l\000i\000t\000\351}{section.1.3}% 11
\BOOKMARK [2][-]{subsection.1.3.2}{\376\377\000D\000e\000m\000a\000n\000d\000e\000\040\000d\000e\000\040\000r\000\351\000g\000u\000l\000a\000r\000i\000s\000a\000t\000i\000o\000n}{section.1.3}% 12
\BOOKMARK [2][-]{subsection.1.3.3}{\376\377\000I\000r\000r\000e\000c\000e\000v\000a\000b\000i\000l\000i\000t\000\351\000\040\000e\000t\000\040\000r\000e\000j\000e\000t}{section.1.3}% 13
\BOOKMARK [1][-]{section.1.4}{\376\377\000L\040\031\000i\000n\000s\000t\000r\000u\000c\000t\000i\000o\000n\000\040\000d\000e\000\040\000l\000a\000\040\000r\000\351\000c\000l\000a\000m\000a\000t\000i\000o\000n\000\040\000a\000u\000\040\000f\000o\000n\000d}{chapter.1}% 14
\BOOKMARK [2][-]{subsection.1.4.1}{\376\377\000V\000\351\000r\000i\000f\000i\000c\000a\000t\000i\000o\000n\000\040\000j\000u\000r\000i\000d\000i\000q\000u\000e}{section.1.4}% 15
\BOOKMARK [2][-]{subsection.1.4.2}{\376\377\000V\000\351\000r\000i\000f\000i\000c\000a\000t\000i\000o\000n\000\040\000t\000e\000c\000h\000n\000i\000q\000u\000e\000\040\000c\000a\000d\000a\000s\000t\000r\000a\000l\000e}{section.1.4}% 16
\BOOKMARK [2][-]{subsection.1.4.3}{\376\377\000E\000n\000q\000u\000\352\000t\000e\000s\000,\000\040\000v\000i\000s\000i\000t\000e\000s\000\040\000e\000t\000\040\000c\000o\000n\000t\000r\000\364\000l\000e\000s}{section.1.4}% 17
\BOOKMARK [1][-]{section.1.5}{\376\377\000L\000a\000\040\000d\000\351\000c\000i\000s\000i\000o\000n\000\040\000a\000d\000m\000i\000n\000i\000s\000t\000r\000a\000t\000i\000v\000e}{chapter.1}% 18
\BOOKMARK [2][-]{subsection.1.5.1}{\376\377\000A\000d\000m\000i\000s\000s\000i\000o\000n\000\040\000t\000o\000t\000a\000l\000e}{section.1.5}% 19
\BOOKMARK [2][-]{subsection.1.5.2}{\376\377\000A\000d\000m\000i\000s\000s\000i\000o\000n\000\040\000p\000a\000r\000t\000i\000e\000l\000l\000e}{section.1.5}% 20
\BOOKMARK [2][-]{subsection.1.5.3}{\376\377\000R\000e\000j\000e\000t}{section.1.5}% 21
\BOOKMARK [2][-]{subsection.1.5.4}{\376\377\000O\000b\000l\000i\000g\000a\000t\000i\000o\000n\000\040\000d\000e\000\040\000m\000o\000t\000i\000v\000a\000t\000i\000o\000n}{section.1.5}% 22
\BOOKMARK [1][-]{section.1.6}{\376\377\000L\000e\000\040\000s\000u\000r\000s\000i\000s\000\040\000d\000e\000\040\000p\000a\000i\000e\000m\000e\000n\000t}{chapter.1}% 23
\BOOKMARK [2][-]{subsection.1.6.1}{\376\377\000P\000r\000i\000n\000c\000i\000p\000e}{section.1.6}% 24
\BOOKMARK [2][-]{subsection.1.6.2}{\376\377\000C\000o\000n\000d\000i\000t\000i\000o\000n\000s}{section.1.6}% 25
\BOOKMARK [2][-]{subsection.1.6.3}{\376\377\000G\000a\000r\000a\000n\000t\000i\000e\000s\000\040\000e\000x\000i\000g\000\351\000e\000s}{section.1.6}% 26
\BOOKMARK [1][-]{subsection.1.6.3}{\376\377\000C\000o\000n\000c\000l\000u\000s\000i\000o\000n\000\040\000d\000u\000\040\000c\000h\000a\000p\000i\000t\000r\000e}{chapter.1}% 27
