\BOOKMARK [0][-]{chapter.1}{\376\377\000F\000o\000n\000d\000e\000m\000e\000n\000t\000s\000,\000\040\000c\000a\000d\000r\000e\000\040\000l\000\351\000g\000a\000l\000\040\000e\000t\000\040\000r\000\350\000g\000l\000e\000s\000\040\000c\000o\000m\000m\000u\000n\000e\000s}{}% 1
\BOOKMARK [1][-]{section.1.1}{\376\377\000D\000\351\000f\000i\000n\000i\000t\000i\000o\000n\000,\000\040\000n\000a\000t\000u\000r\000e\000\040\000e\000t\000\040\000c\000a\000r\000a\000c\000t\000\351\000r\000i\000s\000t\000i\000q\000u\000e\000s\000\040\000j\000u\000r\000i\000d\000i\000q\000u\000e\000s}{chapter.1}% 2
\BOOKMARK [2][-]{subsection.1.1.1}{\376\377\000D\000\351\000f\000i\000n\000i\000t\000i\000o\000n\000\040\000g\000\351\000n\000\351\000r\000a\000l\000e\000\040\000e\000t\000\040\000f\000o\000n\000d\000e\000m\000e\000n\000t\000\040\000l\000\351\000g\000a\000l}{section.1.1}% 3
\BOOKMARK [2][-]{subsection.1.1.2}{\376\377\000F\000o\000n\000d\000e\000m\000e\000n\000t\000\040\000d\000o\000c\000t\000r\000i\000n\000a\000l\000\040\000:\000\040\000i\000m\000p\000\364\000t\000\040\000d\000e\000\040\000q\000u\000o\000t\000i\000t\000\351\000\040\000e\000t\000\040\000i\000n\000s\000t\000r\000u\000m\000e\000n\000t\000\040\000d\040\031\000\351\000q\000u\000i\000l\000i\000b\000r\000e\000\040\000t\000e\000r\000r\000i\000t\000o\000r\000i\000a\000l}{section.1.1}% 4
\BOOKMARK [2][-]{subsection.1.1.3}{\376\377\000L\000a\000\040\000d\000o\000u\000b\000l\000e\000\040\000n\000a\000t\000u\000r\000e\000\040\000d\000e\000\040\000l\000a\000\040\000t\000a\000x\000e\000\040\000f\000o\000n\000c\000i\000\350\000r\000e\000\040\000:\000\040\000f\000i\000s\000c\000a\000l\000e\000\040\000e\000t\000\040\000\351\000c\000o\000n\000o\000m\000i\000q\000u\000e}{section.1.1}% 5
\BOOKMARK [2][-]{subsection.1.1.4}{\376\377\000C\000a\000r\000a\000c\000t\000\351\000r\000i\000s\000t\000i\000q\000u\000e\000s\000\040\000j\000u\000r\000i\000d\000i\000q\000u\000e\000s\000\040\000p\000r\000i\000n\000c\000i\000p\000a\000l\000e\000s}{section.1.1}% 6
\BOOKMARK [2][-]{subsection.1.1.5}{\376\377\000E\000f\000f\000e\000t\000s\000\040\000j\000u\000r\000i\000d\000i\000q\000u\000e\000s\000\040\000e\000t\000\040\000a\000d\000m\000i\000n\000i\000s\000t\000r\000a\000t\000i\000f\000s\000\040\000d\000e\000\040\000l\000a\000\040\000t\000a\000x\000e\000\040\000f\000o\000n\000c\000i\000\350\000r\000e}{section.1.1}% 7
\BOOKMARK [2][-]{subsection.1.1.6}{\376\377\000S\000y\000n\000t\000h\000\350\000s\000e\000\040\000p\000\351\000d\000a\000g\000o\000g\000i\000q\000u\000e}{section.1.1}% 8
\BOOKMARK [1][-]{section.1.2}{\376\377\000L\000e\000\040\000c\000a\000d\000r\000e\000\040\000l\000\351\000g\000a\000l\000\040\000e\000t\000\040\000i\000n\000s\000t\000i\000t\000u\000t\000i\000o\000n\000n\000e\000l}{chapter.1}% 9
\BOOKMARK [2][-]{subsection.1.2.1}{\376\377\000L\000e\000s\000\040\000s\000o\000u\000r\000c\000e\000s\000\040\000n\000o\000r\000m\000a\000t\000i\000v\000e\000s\000\040\000d\000e\000\040\000l\000a\000\040\000f\000i\000s\000c\000a\000l\000i\000t\000\351\000\040\000f\000o\000n\000c\000i\000\350\000r\000e}{section.1.2}% 10
\BOOKMARK [3][-]{subsubsection.1.2.1.1}{\376\377\000L\000e\000\040\000C\000o\000d\000e\000\040\000G\000\351\000n\000\351\000r\000a\000l\000\040\000d\000e\000s\000\040\000I\000m\000p\000\364\000t\000s\000\040\000\050\000C\000G\000I\000,\000\040\0002\0000\0002\0005\000\051}{subsection.1.2.1}% 11
\BOOKMARK [3][-]{subsubsection.1.2.1.2}{\376\377\000L\000e\000\040\000L\000i\000v\000r\000e\000\040\000d\000e\000s\000\040\000P\000r\000o\000c\000\351\000d\000u\000r\000e\000s\000\040\000F\000i\000s\000c\000a\000l\000e\000s\000\040\000\050\000L\000P\000F\000\051}{subsection.1.2.1}% 12
\BOOKMARK [3][-]{subsubsection.1.2.1.3}{\376\377\000L\000e\000s\000\040\000l\000o\000i\000s\000\040\000d\000e\000\040\000f\000i\000n\000a\000n\000c\000e\000s}{subsection.1.2.1}% 13
\BOOKMARK [3][-]{subsubsection.1.2.1.4}{\376\377\000L\000e\000s\000\040\000t\000e\000x\000t\000e\000s\000\040\000s\000e\000c\000t\000o\000r\000i\000e\000l\000s\000\040\000c\000o\000m\000p\000l\000\351\000m\000e\000n\000t\000a\000i\000r\000e\000s}{subsection.1.2.1}% 14
\BOOKMARK [3][-]{subsubsection.1.2.1.5}{\376\377\000L\000e\000s\000\040\000a\000c\000t\000e\000s\000\040\000a\000d\000m\000i\000n\000i\000s\000t\000r\000a\000t\000i\000f\000s\000\040\000d\000e\000\040\000l\040\031\000O\000T\000R}{subsection.1.2.1}% 15
\BOOKMARK [2][-]{subsection.1.2.2}{\376\377\000L\000e\000\040\000c\000a\000d\000r\000e\000\040\000i\000n\000s\000t\000i\000t\000u\000t\000i\000o\000n\000n\000e\000l\000\040\000d\000e\000\040\000l\000a\000\040\000f\000i\000s\000c\000a\000l\000i\000t\000\351\000\040\000f\000o\000n\000c\000i\000\350\000r\000e}{section.1.2}% 16
\BOOKMARK [3][-]{subsubsection.1.2.2.1}{\376\377\000L\040\031\000O\000f\000f\000i\000c\000e\000\040\000T\000o\000g\000o\000l\000a\000i\000s\000\040\000d\000e\000s\000\040\000R\000e\000c\000e\000t\000t\000e\000s\000\040\000\050\000O\000T\000R\000\051}{subsection.1.2.2}% 17
\BOOKMARK [3][-]{subsubsection.1.2.2.2}{\376\377\000L\000e\000s\000\040\000c\000o\000l\000l\000e\000c\000t\000i\000v\000i\000t\000\351\000s\000\040\000t\000e\000r\000r\000i\000t\000o\000r\000i\000a\000l\000e\000s\000\040\000\050\000c\000o\000m\000m\000u\000n\000e\000s\000\051}{subsection.1.2.2}% 18
\BOOKMARK [3][-]{subsubsection.1.2.2.3}{\376\377\000L\000e\000s\000\040\000s\000e\000r\000v\000i\000c\000e\000s\000\040\000d\040\031\000u\000r\000b\000a\000n\000i\000s\000m\000e\000\040\000e\000t\000\040\000d\000e\000\040\000c\000o\000n\000s\000t\000r\000u\000c\000t\000i\000o\000n}{subsection.1.2.2}% 19
\BOOKMARK [3][-]{subsubsection.1.2.2.4}{\376\377\000L\000e\000s\000\040\000n\000o\000t\000a\000i\000r\000e\000s\000\040\000e\000t\000\040\000l\000a\000\040\000c\000h\000a\000\356\000n\000e\000\040\000f\000o\000n\000c\000i\000\350\000r\000e}{subsection.1.2.2}% 20
\BOOKMARK [2][-]{subsection.1.2.3}{\376\377\000L\000o\000g\000i\000q\000u\000e\000\040\000d\040\031\000e\000n\000s\000e\000m\000b\000l\000e\000\040\000d\000u\000\040\000c\000a\000d\000r\000e\000\040\000l\000\351\000g\000a\000l\000\040\000e\000t\000\040\000i\000n\000s\000t\000i\000t\000u\000t\000i\000o\000n\000n\000e\000l}{section.1.2}% 21
\BOOKMARK [1][-]{section.1.3}{\376\377\000L\000e\000\040\000c\000h\000a\000m\000p\000\040\000d\000'\000a\000p\000p\000l\000i\000c\000a\000t\000i\000o\000n\000\040\000e\000t\000\040\000l\000e\000\040\000f\000a\000i\000t\000\040\000g\000\351\000n\000\351\000r\000a\000t\000e\000u\000r}{chapter.1}% 22
\BOOKMARK [2][-]{subsection.1.3.1}{\376\377\000C\000h\000a\000m\000p\000\040\000d\000'\000a\000p\000p\000l\000i\000c\000a\000t\000i\000o\000n\000\040\000m\000a\000t\000\351\000r\000i\000e\000l}{section.1.3}% 23
\BOOKMARK [3][-]{subsubsection.1.3.1.1}{\376\377\000L\000e\000s\000\040\000p\000r\000o\000p\000r\000i\000\351\000t\000\351\000s\000\040\000b\000\342\000t\000i\000e\000s\000\040\000\050\000T\000F\000P\000B\000\051}{subsection.1.3.1}% 24
\BOOKMARK [3][-]{subsubsection.1.3.1.2}{\376\377\000L\000e\000s\000\040\000p\000r\000o\000p\000r\000i\000\351\000t\000\351\000s\000\040\000n\000o\000n\000\040\000b\000\342\000t\000i\000e\000s\000\040\000\050\000T\000F\000P\000N\000B\000\051}{subsection.1.3.1}% 25
\BOOKMARK [3][-]{subsubsection.1.3.1.3}{\376\377\000I\000n\000f\000l\000u\000e\000n\000c\000e\000\040\000d\000u\000\040\000z\000o\000n\000a\000g\000e\000\040\000e\000t\000\040\000d\000e\000\040\000l\040\031\000u\000r\000b\000a\000n\000i\000s\000m\000e}{subsection.1.3.1}% 26
\BOOKMARK [2][-]{subsection.1.3.2}{\376\377\000C\000h\000a\000m\000p\000\040\000d\000'\000a\000p\000p\000l\000i\000c\000a\000t\000i\000o\000n\000\040\000p\000e\000r\000s\000o\000n\000n\000e\000l}{section.1.3}% 27
\BOOKMARK [2][-]{subsection.1.3.3}{\376\377\000L\000e\000\040\000f\000a\000i\000t\000\040\000g\000\351\000n\000\351\000r\000a\000t\000e\000u\000r\000\040\000e\000t\000\040\000l\000a\000\040\000p\000\351\000r\000i\000o\000d\000e\000\040\000d\000'\000i\000m\000p\000o\000s\000i\000t\000i\000o\000n}{section.1.3}% 28
\BOOKMARK [3][-]{subsubsection.1.3.3.1}{\376\377\000C\000o\000n\000s\000\351\000q\000u\000e\000n\000c\000e\000s\000\040\000p\000r\000a\000t\000i\000q\000u\000e\000s}{subsection.1.3.3}% 29
\BOOKMARK [3][-]{subsubsection.1.3.3.2}{\376\377\000D\000\351\000f\000i\000n\000i\000t\000i\000o\000n\000\040\000d\000e\000\040\000l\040\031\000a\000c\000h\000\350\000v\000e\000m\000e\000n\000t}{subsection.1.3.3}% 30
\BOOKMARK [2][-]{subsection.1.3.4}{\376\377\000C\000a\000s\000\040\000p\000r\000a\000t\000i\000q\000u\000e\000s}{section.1.3}% 31
\BOOKMARK [1][-]{section.1.4}{\376\377\000L\000e\000s\000\040\000e\000x\000o\000n\000\351\000r\000a\000t\000i\000o\000n\000s\000\040\000e\000t\000\040\000e\000x\000c\000l\000u\000s\000i\000o\000n\000s}{chapter.1}% 32
\BOOKMARK [2][-]{subsection.1.4.1}{\376\377\000A\000p\000e\000r\000\347\000u\000\040\000d\000e\000s\000\040\000e\000x\000o\000n\000\351\000r\000a\000t\000i\000o\000n\000s\000\040\000p\000e\000r\000m\000a\000n\000e\000n\000t\000e\000s}{section.1.4}% 33
\BOOKMARK [2][-]{subsection.1.4.2}{\376\377\000A\000p\000e\000r\000\347\000u\000\040\000d\000e\000s\000\040\000e\000x\000o\000n\000\351\000r\000a\000t\000i\000o\000n\000s\000\040\000t\000e\000m\000p\000o\000r\000a\000i\000r\000e\000s}{section.1.4}% 34
\BOOKMARK [2][-]{subsection.1.4.3}{\376\377\000E\000x\000o\000n\000\351\000r\000a\000t\000i\000o\000n\000s\000\040\000p\000a\000r\000t\000i\000e\000l\000l\000e\000s\000\040\000e\000t\000\040\000p\000r\000o\000p\000o\000r\000t\000i\000o\000n\000n\000e\000l\000l\000e\000s}{section.1.4}% 35
\BOOKMARK [2][-]{subsection.1.4.4}{\376\377\000E\000x\000c\000l\000u\000s\000i\000o\000n\000s\000\040\000d\040\031\000a\000s\000s\000i\000e\000t\000t\000e}{section.1.4}% 36
\BOOKMARK [2][-]{subsection.1.4.5}{\376\377\000E\000n\000j\000e\000u\000x\000\040\000e\000t\000\040\000r\000i\000s\000q\000u\000e\000s\000\040\000l\000i\000\351\000s\000\040\000\340\000\040\000l\000a\000\040\000g\000e\000s\000t\000i\000o\000n\000\040\000d\000e\000s\000\040\000e\000x\000o\000n\000\351\000r\000a\000t\000i\000o\000n\000s}{section.1.4}% 37
\BOOKMARK [1][-]{section.1.5}{\376\377\000L\000e\000\040\000r\000\364\000l\000e\000\040\000d\000e\000\040\000l\040\031\000I\000n\000s\000p\000e\000c\000t\000e\000u\000r\000\040\000d\000u\000\040\000C\000a\000d\000a\000s\000t\000r\000e}{chapter.1}% 38
\BOOKMARK [2][-]{subsection.1.5.1}{\376\377\000D\000i\000m\000e\000n\000s\000i\000o\000n\000\040\000t\000e\000c\000h\000n\000i\000q\000u\000e\000\040\000:\000\040\000p\000r\000o\000d\000u\000c\000t\000i\000o\000n\000\040\000e\000t\000\040\000m\000i\000s\000e\000\040\000\340\000\040\000j\000o\000u\000r\000\040\000d\000e\000\040\000l\000a\000\040\000d\000o\000n\000n\000\351\000e}{section.1.5}% 39
\BOOKMARK [2][-]{subsection.1.5.2}{\376\377\000D\000i\000m\000e\000n\000s\000i\000o\000n\000\040\000j\000u\000r\000i\000d\000i\000q\000u\000e\000\040\000:\000\040\000a\000p\000p\000l\000i\000c\000a\000t\000i\000o\000n\000\040\000d\000e\000s\000\040\000r\000\350\000g\000l\000e\000s\000\040\000f\000i\000s\000c\000a\000l\000e\000s}{section.1.5}% 40
\BOOKMARK [2][-]{subsection.1.5.3}{\376\377\000D\000i\000m\000e\000n\000s\000i\000o\000n\000\040\000a\000d\000m\000i\000n\000i\000s\000t\000r\000a\000t\000i\000v\000e\000\040\000:\000\040\000g\000e\000s\000t\000i\000o\000n\000\040\000e\000t\000\040\000t\000r\000a\000\347\000a\000b\000i\000l\000i\000t\000\351}{section.1.5}% 41
\BOOKMARK [2][-]{subsection.1.5.4}{\376\377\000D\000i\000m\000e\000n\000s\000i\000o\000n\000\040\000r\000e\000l\000a\000t\000i\000o\000n\000n\000e\000l\000l\000e\000\040\000:\000\040\000i\000n\000t\000e\000r\000f\000a\000c\000e\000\040\000a\000v\000e\000c\000\040\000l\000e\000s\000\040\000u\000s\000a\000g\000e\000r\000s\000\040\000e\000t\000\040\000l\000e\000s\000\040\000p\000a\000r\000t\000e\000n\000a\000i\000r\000e\000s}{section.1.5}% 42
\BOOKMARK [2][-]{subsection.1.5.5}{\376\377\000D\000i\000m\000e\000n\000s\000i\000o\000n\000\040\000s\000t\000r\000a\000t\000\351\000g\000i\000q\000u\000e\000\040\000:\000\040\000m\000o\000d\000e\000r\000n\000i\000s\000a\000t\000i\000o\000n\000\040\000d\000u\000\040\000c\000a\000d\000a\000s\000t\000r\000e\000\040\000e\000t\000\040\000i\000n\000n\000o\000v\000a\000t\000i\000o\000n\000s}{section.1.5}% 43
\BOOKMARK [0][-]{chapter.2}{\376\377\000L\000a\000\040\000T\000a\000x\000e\000\040\000F\000o\000n\000c\000i\000\350\000r\000e\000\040\000s\000u\000r\000\040\000l\000e\000s\000\040\000P\000r\000o\000p\000r\000i\000\351\000t\000\351\000s\000\040\000B\000\342\000t\000i\000e\000s\000\040\000\050\000T\000F\000P\000B\000\051}{}% 44
\BOOKMARK [1][-]{section.2.1}{\376\377\000I\000n\000t\000r\000o\000d\000u\000c\000t\000i\000o\000n}{chapter.2}% 45
\BOOKMARK [1][-]{section.2.2}{\376\377\000C\000h\000a\000m\000p\000\040\000d\040\031\000a\000p\000p\000l\000i\000c\000a\000t\000i\000o\000n\000\040\000d\000e\000\040\000l\000a\000\040\000T\000F\000P\000B}{chapter.2}% 46
\BOOKMARK [2][-]{subsection.2.2.1}{\376\377\000D\000\351\000f\000i\000n\000i\000t\000i\000o\000n\000\040\000g\000\351\000n\000\351\000r\000a\000l\000e\000\040\000d\000e\000\040\000l\000a\000\040\000p\000r\000o\000p\000r\000i\000\351\000t\000\351\000\040\000b\000\342\000t\000i\000e}{section.2.2}% 47
\BOOKMARK [3][-]{subsubsection.2.2.1.1}{\376\377\000L\000a\000\040\000f\000i\000x\000a\000t\000i\000o\000n\000\040\000a\000u\000\040\000s\000o\000l}{subsection.2.2.1}% 48
\BOOKMARK [3][-]{subsubsection.2.2.1.2}{\376\377\000L\000a\000\040\000d\000u\000r\000a\000b\000i\000l\000i\000t\000\351\000\040\000o\000u\000\040\000p\000e\000r\000m\000a\000n\000e\000n\000c\000e}{subsection.2.2.1}% 49
\BOOKMARK [3][-]{subsubsection.2.2.1.3}{\376\377\000L\000e\000\040\000r\000\351\000s\000u\000l\000t\000a\000t\000\040\000d\040\031\000u\000n\000\040\000t\000r\000a\000v\000a\000i\000l\000\040\000h\000u\000m\000a\000i\000n}{subsection.2.2.1}% 50
\BOOKMARK [3][-]{subsubsection.2.2.1.4}{\376\377\000L\040\031\000a\000p\000t\000i\000t\000u\000d\000e\000\040\000\340\000\040\000l\040\031\000u\000s\000a\000g\000e\000\040\000o\000u\000\040\000\340\000\040\000l\040\031\000a\000v\000a\000n\000t\000a\000g\000e\000\040\000\351\000c\000o\000n\000o\000m\000i\000q\000u\000e}{subsection.2.2.1}% 51
\BOOKMARK [2][-]{subsection.2.2.2}{\376\377\000L\000a\000\040\000n\000o\000t\000i\000o\000n\000\040\000d\040\031\000a\000c\000h\000\350\000v\000e\000m\000e\000n\000t\000\040\000f\000i\000s\000c\000a\000l}{section.2.2}% 52
\BOOKMARK [2][-]{subsection.2.2.3}{\376\377\000L\000e\000s\000\040\000c\000o\000n\000s\000t\000r\000u\000c\000t\000i\000o\000n\000s\000\040\000a\000s\000s\000i\000m\000i\000l\000\351\000e\000s\000\040\000a\000u\000x\000\040\000p\000r\000o\000p\000r\000i\000\351\000t\000\351\000s\000\040\000b\000\342\000t\000i\000e\000s}{section.2.2}% 53
\BOOKMARK [2][-]{subsection.2.2.4}{\376\377\000L\000e\000\040\000l\000o\000c\000a\000l\000\040\000c\000o\000m\000m\000e\000\040\000u\000n\000i\000t\000\351\000\040\000d\040\031\000\351\000v\000a\000l\000u\000a\000t\000i\000o\000n\000\040\000f\000i\000s\000c\000a\000l\000e}{section.2.2}% 54
\BOOKMARK [2][-]{subsection.2.2.5}{\376\377\000L\000e\000s\000\040\000b\000\342\000t\000i\000m\000e\000n\000t\000s\000\040\000\340\000\040\000u\000s\000a\000g\000e\000\040\000m\000i\000x\000t\000e}{section.2.2}% 55
\BOOKMARK [1][-]{section.2.3}{\376\377\000P\000e\000r\000s\000o\000n\000n\000e\000s\000\040\000i\000m\000p\000o\000s\000a\000b\000l\000e\000s\000\040\000e\000t\000\040\000o\000b\000l\000i\000g\000a\000t\000i\000o\000n\000s\000\040\000d\000\351\000c\000l\000a\000r\000a\000t\000i\000v\000e\000s}{chapter.2}% 56
\BOOKMARK [2][-]{subsection.2.3.1}{\376\377\000R\000e\000d\000e\000v\000a\000b\000l\000e\000\040\000a\000u\000\040\0001\000e\000r\000\040\000j\000a\000n\000v\000i\000e\000r\000\040\000:\000\040\000p\000r\000i\000n\000c\000i\000p\000e\000\040\000m\000a\000j\000e\000u\000r}{section.2.3}% 57
\BOOKMARK [2][-]{subsection.2.3.2}{\376\377\000D\000\351\000m\000e\000m\000b\000r\000e\000m\000e\000n\000t\000\040\000d\000e\000\040\000p\000r\000o\000p\000r\000i\000\351\000t\000\351\000\040\000:\000\040\000l\040\031\000u\000s\000u\000f\000r\000u\000i\000t\000i\000e\000r\000\040\000c\000o\000m\000m\000e\000\040\000r\000e\000d\000e\000v\000a\000b\000l\000e}{section.2.3}% 58
\BOOKMARK [2][-]{subsection.2.3.3}{\376\377\000B\000a\000u\000x\000\040\000d\000e\000\040\000l\000o\000n\000g\000u\000e\000\040\000d\000u\000r\000\351\000e\000\040\000e\000t\000\040\000c\000o\000n\000c\000e\000s\000s\000i\000o\000n\000s\000\040\000d\000o\000m\000a\000n\000i\000a\000l\000e\000s}{section.2.3}% 59
\BOOKMARK [2][-]{subsection.2.3.4}{\376\377\000C\000o\000p\000r\000o\000p\000r\000i\000\351\000t\000\351\000,\000\040\000i\000n\000d\000i\000v\000i\000s\000i\000o\000n\000\040\000e\000t\000\040\000p\000e\000r\000s\000o\000n\000n\000e\000s\000\040\000m\000o\000r\000a\000l\000e\000s}{section.2.3}% 60
\BOOKMARK [3][-]{subsubsection.2.3.4.1}{\376\377\000L\000a\000\040\000c\000o\000p\000r\000o\000p\000r\000i\000\351\000t\000\351\000\040\000:\000\040\000i\000m\000p\000o\000s\000i\000t\000i\000o\000n\000\040\000d\000u\000\040\000s\000y\000n\000d\000i\000c\000a\000t\000\040\000d\000e\000s\000\040\000c\000o\000p\000r\000o\000p\000r\000i\000\351\000t\000a\000i\000r\000e\000s}{subsection.2.3.4}% 61
\BOOKMARK [3][-]{subsubsection.2.3.4.2}{\376\377\000L\040\031\000i\000n\000d\000i\000v\000i\000s\000i\000o\000n\000\040\000:\000\040\000s\000o\000l\000i\000d\000a\000r\000i\000t\000\351\000\040\000f\000i\000s\000c\000a\000l\000e\000\040\000e\000t\000\040\000c\000h\000o\000i\000x\000\040\000a\000d\000m\000i\000n\000i\000s\000t\000r\000a\000t\000i\000f}{subsection.2.3.4}% 62
\BOOKMARK [3][-]{subsubsection.2.3.4.3}{\376\377\000L\000e\000s\000\040\000p\000e\000r\000s\000o\000n\000n\000e\000s\000\040\000m\000o\000r\000a\000l\000e\000s\000\040\000:\000\040\000u\000n\000e\000\040\000u\000n\000i\000t\000\351\000\040\000d\000e\000\040\000r\000e\000d\000e\000v\000a\000b\000i\000l\000i\000t\000\351\000\040\000a\000u\000t\000o\000n\000o\000m\000e}{subsection.2.3.4}% 63
\BOOKMARK [2][-]{subsection.2.3.5}{\376\377\000O\000b\000l\000i\000g\000a\000t\000i\000o\000n\000s\000\040\000d\000\351\000c\000l\000a\000r\000a\000t\000i\000v\000e\000s\000\040\000d\000u\000\040\000p\000r\000o\000p\000r\000i\000\351\000t\000a\000i\000r\000e}{section.2.3}% 64
\BOOKMARK [3][-]{subsubsection.2.3.5.1}{\376\377\000D\000\351\000c\000l\000a\000r\000a\000t\000i\000o\000n\000\040\000a\000n\000n\000u\000e\000l\000l\000e\000\040\000o\000b\000l\000i\000g\000a\000t\000o\000i\000r\000e\000\040\000\050\000A\000r\000t\000.\000\040\0008\0006\000\040\000L\000P\000F\000\051}{subsection.2.3.5}% 65
\BOOKMARK [3][-]{subsubsection.2.3.5.2}{\376\377\000D\000\351\000c\000l\000a\000r\000a\000t\000i\000o\000n\000\040\000d\000e\000s\000\040\000c\000o\000n\000s\000t\000r\000u\000c\000t\000i\000o\000n\000s\000\040\000n\000o\000u\000v\000e\000l\000l\000e\000s\000\040\000e\000t\000\040\000c\000h\000a\000n\000g\000e\000m\000e\000n\000t\000s\000\040\000d\040\031\000a\000f\000f\000e\000c\000t\000a\000t\000i\000o\000n\000\040\000\050\000A\000r\000t\000.\000\040\0008\0007\000\040\000L\000P\000F\000\051}{subsection.2.3.5}% 66
\BOOKMARK [3][-]{subsubsection.2.3.5.3}{\376\377\000P\000o\000r\000t\000\351\000e\000\040\000d\000u\000\040\000s\000y\000s\000t\000\350\000m\000e\000\040\000a\000u\000t\000o\000-\000d\000\351\000c\000l\000a\000r\000a\000t\000i\000f}{subsection.2.3.5}% 67
\BOOKMARK [1][-]{section.2.4}{\376\377\000B\000a\000s\000e\000\040\000i\000m\000p\000o\000s\000a\000b\000l\000e\000\040\000e\000t\000\040\000l\000i\000q\000u\000i\000d\000a\000t\000i\000o\000n\000\040\000d\000e\000\040\000l\000a\000\040\000T\000F\000P\000B}{chapter.2}% 68
\BOOKMARK [2][-]{subsection.2.4.1}{\376\377\000L\000a\000\040\000V\000a\000l\000e\000u\000r\000\040\000L\000o\000c\000a\000t\000i\000v\000e\000\040\000C\000a\000d\000a\000s\000t\000r\000a\000l\000e\000\040\000\050\000V\000L\000C\000\051}{section.2.4}% 69
\BOOKMARK [3][-]{subsubsection.2.4.1.1}{\376\377\000D\000\351\000f\000i\000n\000i\000t\000i\000o\000n\000\040\000j\000u\000r\000i\000d\000i\000q\000u\000e\000\040\000\050\000A\000r\000t\000.\000\040\0002\0007\0000\000\040\000e\000t\000\040\0002\0007\0001\000\040\000C\000G\000I\000\051}{subsection.2.4.1}% 70
\BOOKMARK [3][-]{subsubsection.2.4.1.2}{\376\377\000\040\000I\000d\000e\000n\000t\000i\000f\000i\000c\000a\000t\000i\000o\000n\000\040\000e\000t\000\040\000D\000\351\000l\000i\000m\000i\000t\000a\000t\000i\000o\000n}{subsection.2.4.1}% 71
\BOOKMARK [3][-]{subsubsection.2.4.1.3}{\376\377\000C\000a\000r\000a\000c\000t\000\351\000r\000i\000s\000t\000i\000q\000u\000e\000s\000\040\000t\000e\000c\000h\000n\000i\000q\000u\000e\000s\000\040\000d\000e\000\040\000l\000a\000\040\000V\000L\000C}{subsection.2.4.1}% 72
\BOOKMARK [2][-]{subsection.2.4.2}{\376\377\000D\000\351\000t\000e\000r\000m\000i\000n\000a\000t\000i\000o\000n\000\040\000d\000e\000\040\000l\000a\000\040\000B\000a\000s\000e\000\040\000N\000e\000t\000t\000e\000\040\000I\000m\000p\000o\000s\000a\000b\000l\000e\000\040\000\050\000B\000N\000I\000\051}{section.2.4}% 73
\BOOKMARK [3][-]{subsubsection.2.4.2.1}{\376\377\000A\000b\000a\000t\000t\000e\000m\000e\000n\000t\000\040\000l\000\351\000g\000a\000l}{subsection.2.4.2}% 74
\BOOKMARK [3][-]{subsubsection.2.4.2.2}{\376\377\000T\000a\000u\000x\000\040\000F\000i\000x\000\351\000\040\000p\000a\000r\000\040\000l\000e\000\040\000C\000G\000I\000\040\000\050\0005\0000\000\045\000\051}{subsection.2.4.2}% 75
\BOOKMARK [2][-]{subsection.2.4.3}{\376\377\000T\000a\000u\000x\000\040\000d\040\031\000i\000m\000p\000o\000s\000i\000t\000i\000o\000n\000\040\000\050\000A\000r\000t\000.\000\040\0002\0007\0005\000\040\000C\000G\000I\000\051}{section.2.4}% 76
\BOOKMARK [2][-]{subsection.2.4.4}{\376\377\000L\000i\000q\000u\000i\000d\000a\000t\000i\000o\000n\000\040\000d\000e\000\040\000l\000a\000\040\000T\000F\000P\000B}{section.2.4}% 77
\BOOKMARK [2][-]{subsection.2.4.5}{\376\377\000A\000t\000e\000l\000i\000e\000r\000\040\000p\000r\000a\000t\000i\000q\000u\000e\000\040\000:\000\040\000C\000a\000l\000c\000u\000l\000\040\000c\000o\000m\000p\000l\000e\000t\000\040\000d\000e\000\040\000l\000a\000\040\000T\000F\000P\000B}{section.2.4}% 78
\BOOKMARK [2][-]{subsection.2.4.6}{\376\377\000P\000a\000i\000e\000m\000e\000n\000t\000\040\000e\000t\000\040\000s\000o\000l\000i\000d\000a\000r\000i\000t\000\351\000\040\000\050\000A\000r\000t\000.\000\040\0008\0005\000\040\000L\000P\000F\000\051}{section.2.4}% 79
\BOOKMARK [1][-]{section.2.5}{\376\377\000E\000x\000o\000n\000\351\000r\000a\000t\000i\000o\000n\000s\000\040\000s\000p\000\351\000c\000i\000f\000i\000q\000u\000e\000s\000\040\000\340\000\040\000l\000a\000\040\000T\000F\000P\000B}{chapter.2}% 80
\BOOKMARK [2][-]{subsection.2.5.1}{\376\377\000E\000x\000o\000n\000\351\000r\000a\000t\000i\000o\000n\000s\000\040\000p\000e\000r\000m\000a\000n\000e\000n\000t\000e\000s\000\040\000\050\000A\000r\000t\000.\000\040\0002\0006\0001\000\040\000C\000G\000I\000\051}{section.2.5}% 81
\BOOKMARK [2][-]{subsection.2.5.2}{\376\377\000E\000x\000o\000n\000\351\000r\000a\000t\000i\000o\000n\000s\000\040\000t\000e\000m\000p\000o\000r\000a\000i\000r\000e\000s\000\040\000\050\000A\000r\000t\000i\000c\000l\000e\000s\000\040\0002\0006\0002\000\040\000\340\000\040\0002\0006\0007\000\040\000d\000u\000\040\000C\000G\000I\000\051}{section.2.5}% 82
\BOOKMARK [0][-]{chapter.3}{\376\377\000T\000a\000x\000e\000\040\000F\000o\000n\000c\000i\000\350\000r\000e\000\040\000s\000u\000r\000\040\000l\000e\000s\000\040\000P\000r\000o\000p\000r\000i\000\351\000t\000\351\000s\000\040\000N\000o\000n\000\040\000B\000\342\000t\000i\000e\000s\000\040\000\050\000T\000F\000P\000N\000B\000\051}{}% 83
\BOOKMARK [1][-]{section.3.1}{\376\377\000F\000o\000n\000d\000e\000m\000e\000n\000t\000s\000\040\000j\000u\000r\000i\000d\000i\000q\000u\000e\000s\000\040\000e\000t\000\040\000c\000h\000a\000m\000p\000\040\000d\040\031\000a\000p\000p\000l\000i\000c\000a\000t\000i\000o\000n\000\040\000d\000e\000\040\000l\000a\000\040\000T\000F\000P\000N\000B}{chapter.3}% 84
\BOOKMARK [2][-]{subsection.3.1.1}{\376\377\000F\000o\000n\000d\000e\000m\000e\000n\000t\000s\000\040\000j\000u\000r\000i\000d\000i\000q\000u\000e\000s\000\040\000d\000e\000\040\000l\000a\000\040\000T\000F\000P\000N\000B}{section.3.1}% 85
\BOOKMARK [2][-]{subsection.3.1.2}{\376\377\000D\000\351\000f\000i\000n\000i\000t\000i\000o\000n\000\040\000l\000\351\000g\000a\000l\000e\000\040\000d\000e\000s\000\040\000p\000r\000o\000p\000r\000i\000\351\000t\000\351\000s\000\040\000n\000o\000n\000\040\000b\000\342\000t\000i\000e\000s\000\040\000s\000e\000l\000o\000n\000\040\000l\040\031\000a\000r\000t\000i\000c\000l\000e\000\040\0002\0005\0009\000\040\000d\000u\000\040\000C\000G\000I}{section.3.1}% 86
\BOOKMARK [2][-]{subsection.3.1.3}{\376\377\000D\000i\000s\000t\000i\000n\000c\000t\000i\000o\000n\000\040\000e\000n\000t\000r\000e\000\040\000p\000r\000o\000p\000r\000i\000\351\000t\000\351\000\040\000b\000\342\000t\000i\000e\000\040\000e\000t\000\040\000n\000o\000n\000\040\000b\000\342\000t\000i\000e\000\040\000:\000\040\000u\000n\000\040\000e\000n\000j\000e\000u\000\040\000c\000e\000n\000t\000r\000a\000l\000\040\000d\040\031\000a\000s\000s\000i\000e\000t\000t\000e}{section.3.1}% 87
\BOOKMARK [2][-]{subsection.3.1.4}{\376\377\000N\000o\000t\000i\000o\000n\000\040\000d\040\031\000a\000g\000g\000l\000o\000m\000\351\000r\000a\000t\000i\000o\000n\000\040\000e\000t\000\040\000r\000\364\000l\000e\000\040\000d\000u\000\040\000d\000r\000o\000i\000t\000\040\000d\000e\000\040\000l\040\031\000u\000r\000b\000a\000n\000i\000s\000m\000e}{section.3.1}% 88
\BOOKMARK [2][-]{subsection.3.1.5}{\376\377\000R\000\364\000l\000e\000\040\000d\000e\000\040\000l\040\031\000I\000n\000s\000p\000e\000c\000t\000e\000u\000r\000\040\000d\000u\000\040\000C\000a\000d\000a\000s\000t\000r\000e\000\040\000d\000a\000n\000s\000\040\000l\000a\000\040\000d\000\351\000t\000e\000r\000m\000i\000n\000a\000t\000i\000o\000n\000\040\000d\000u\000\040\000c\000h\000a\000m\000p\000\040\000d\040\031\000a\000p\000p\000l\000i\000c\000a\000t\000i\000o\000n}{section.3.1}% 89
\BOOKMARK [1][-]{section.3.2}{\376\377\000C\000l\000a\000s\000s\000i\000f\000i\000c\000a\000t\000i\000o\000n\000\040\000f\000i\000s\000c\000a\000l\000e\000\040\000d\000e\000s\000\040\000t\000e\000r\000r\000a\000i\000n\000s}{chapter.3}% 90
\BOOKMARK [2][-]{subsection.3.2.1}{\376\377\000L\000e\000s\000\040\000t\000e\000r\000r\000a\000i\000n\000s\000\040\000a\000g\000r\000i\000c\000o\000l\000e\000s}{section.3.2}% 91
\BOOKMARK [2][-]{subsection.3.2.2}{\376\377\000L\000e\000s\000\040\000t\000e\000r\000r\000a\000i\000n\000s\000\040\000c\000o\000n\000s\000t\000r\000u\000c\000t\000i\000b\000l\000e\000s}{section.3.2}% 92
\BOOKMARK [2][-]{subsection.3.2.3}{\376\377\000L\000e\000s\000\040\000t\000e\000r\000r\000a\000i\000n\000s\000\040\000\340\000\040\000u\000s\000a\000g\000e\000\040\000s\000p\000\351\000c\000i\000a\000l}{section.3.2}% 93
\BOOKMARK [2][-]{subsection.3.2.4}{\376\377\000L\000e\000s\000\040\000d\000\351\000p\000e\000n\000d\000a\000n\000c\000e\000s\000\040\000n\000o\000n\000\040\000i\000n\000t\000\351\000g\000r\000a\000n\000t\000e\000s}{section.3.2}% 94
\BOOKMARK [2][-]{subsection.3.2.5}{\376\377\000P\000r\000i\000n\000c\000i\000p\000e\000s\000\040\000d\000i\000r\000e\000c\000t\000e\000u\000r\000s\000\040\000d\000e\000\040\000l\000a\000\040\000c\000l\000a\000s\000s\000i\000f\000i\000c\000a\000t\000i\000o\000n}{section.3.2}% 95
\BOOKMARK [1][-]{section.3.3}{\376\377\000D\000\351\000t\000e\000r\000m\000i\000n\000a\000t\000i\000o\000n\000\040\000d\000e\000\040\000l\000a\000\040\000b\000a\000s\000e\000\040\000i\000m\000p\000o\000s\000a\000b\000l\000e\000\040\000e\000t\000\040\000l\000i\000q\000u\000i\000d\000a\000t\000i\000o\000n\000\040\000d\000e\000\040\000l\000a\000\040\000T\000F\000P\000N\000B}{chapter.3}% 96
\BOOKMARK [2][-]{subsection.3.3.1}{\376\377\000L\040\031\000a\000s\000s\000i\000e\000t\000t\000e\000\040\000l\000\351\000g\000a\000l\000e\000\040\000:\000\040\000l\000a\000\040\000v\000a\000l\000e\000u\000r\000\040\000v\000\351\000n\000a\000l\000e\000\040\000d\000u\000\040\000t\000e\000r\000r\000a\000i\000n\000\040\000\050\000A\000r\000t\000i\000c\000l\000e\000\040\0002\0007\0002\000\040\000C\000G\000I\000\051}{section.3.3}% 97
\BOOKMARK [2][-]{subsection.3.3.2}{\376\377\000D\000\351\000t\000e\000r\000m\000i\000n\000a\000t\000i\000o\000n\000\040\000d\000e\000\040\000l\000a\000\040\000v\000a\000l\000e\000u\000r\000\040\000v\000\351\000n\000a\000l\000e\000\040\000:\000\040\000a\000c\000t\000e\000s\000\040\000t\000r\000a\000n\000s\000l\000a\000t\000i\000f\000s\000\040\000e\000t\000\040\000e\000s\000t\000i\000m\000a\000t\000i\000o\000n\000\040\000d\000i\000r\000e\000c\000t\000e\000\040\000\050\000A\000r\000t\000i\000c\000l\000e\000\040\0002\0007\0003\000\040\000C\000G\000I\000\051}{section.3.3}% 98
\BOOKMARK [2][-]{subsection.3.3.3}{\376\377\000C\000o\000m\000p\000\351\000t\000e\000n\000c\000e\000\040\000d\000u\000\040\000c\000a\000d\000a\000s\000t\000r\000e\000\040\000d\000a\000n\000s\000\040\000l\000a\000\040\000f\000i\000x\000a\000t\000i\000o\000n\000\040\000d\000e\000\040\000l\000a\000\040\000v\000a\000l\000e\000u\000r\000\040\000v\000\351\000n\000a\000l\000e\000\040\000\050\000A\000r\000t\000i\000c\000l\000e\000\040\0002\0007\0004\000\040\000C\000G\000I\000\051}{section.3.3}% 99
\BOOKMARK [2][-]{subsection.3.3.4}{\376\377\000L\000i\000q\000u\000i\000d\000a\000t\000i\000o\000n\000\040\000d\000e\000\040\000l\000a\000\040\000t\000a\000x\000e\000\040\000:\000\040\000a\000p\000p\000l\000i\000c\000a\000t\000i\000o\000n\000\040\000d\000u\000\040\000t\000a\000u\000x\000\040\000u\000n\000i\000q\000u\000e\000\040\000\050\000A\000r\000t\000i\000c\000l\000e\000\040\0002\0007\0006\000\040\000C\000G\000I\000\051}{section.3.3}% 100
\BOOKMARK [2][-]{subsection.3.3.5}{\376\377\000E\000n\000j\000e\000u\000x\000\040\000a\000d\000m\000i\000n\000i\000s\000t\000r\000a\000t\000i\000f\000s\000\040\000e\000t\000\040\000f\000i\000s\000c\000a\000u\000x}{section.3.3}% 101
\BOOKMARK [1][-]{section.3.4}{\376\377\000E\000x\000o\000n\000\351\000r\000a\000t\000i\000o\000n\000s\000\040\000a\000p\000p\000l\000i\000c\000a\000b\000l\000e\000s\000\040\000\340\000\040\000l\000a\000\040\000T\000F\000P\000N\000B}{chapter.3}% 102
\BOOKMARK [2][-]{subsection.3.4.1}{\376\377\000E\000x\000o\000n\000\351\000r\000a\000t\000i\000o\000n\000s\000\040\000p\000r\000\351\000v\000u\000e\000s\000\040\000\340\000\040\000l\040\031\000a\000r\000t\000i\000c\000l\000e\000\040\0002\0006\0008\000\040\000d\000u\000\040\000C\000G\000I}{section.3.4}% 103
\BOOKMARK [2][-]{subsection.3.4.2}{\376\377\000E\000x\000o\000n\000\351\000r\000a\000t\000i\000o\000n\000\040\000d\000e\000s\000\040\000i\000m\000m\000e\000u\000b\000l\000e\000s\000\040\000r\000u\000r\000a\000u\000x\000\040\000\050\000A\000r\000t\000i\000c\000l\000e\000\040\0002\0006\0009\000\040\000d\000u\000\040\000C\000G\000I\000\051}{section.3.4}% 104
