\BOOKMARK [0][-]{chapter.1}{\376\377\000A\000s\000p\000e\000c\000t\000s\000\040\000G\000\351\000n\000\351\000r\000a\000u\000x\000\040\000d\000e\000\040\000l\000a\000\040\000F\000i\000s\000c\000a\000l\000i\000t\000\351\000\040\000F\000o\000n\000c\000i\000\350\000r\000e}{}% 1
\BOOKMARK [1][-]{section.1.1}{\376\377\000B\000r\000e\000f\000\040\000h\000i\000s\000t\000o\000r\000i\000q\000u\000e\000\040\000d\000e\000s\000\040\000I\000m\000p\000\364\000t\000s\000\040\000D\000i\000r\000e\000c\000t\000s\000\040\000L\000o\000c\000a\000u\000x\000\040\000\050\000I\000D\000L\000\051}{chapter.1}% 2
\BOOKMARK [1][-]{section.1.2}{\376\377\000S\000y\000n\000t\000h\000\350\000s\000e\000\040\000d\000e\000s\000\040\000c\000a\000r\000a\000c\000t\000\351\000r\000i\000s\000t\000i\000q\000u\000e\000s\000\040\000g\000\351\000n\000\351\000r\000a\000l\000e\000s\000\040\000d\000e\000s\000\040\000I\000D\000L\000\040}{chapter.1}% 3
\BOOKMARK [2][-]{subsection.1.2.1}{\376\377\000T\000y\000p\000e\000s\000\040\000d\000'\000i\000m\000p\000\364\000t\000s\000\040\000d\000i\000r\000e\000c\000t\000s\000\040\000l\000o\000c\000a\000u\000x}{section.1.2}% 4
\BOOKMARK [2][-]{subsection.1.2.2}{\376\377\000O\000b\000j\000e\000c\000t\000i\000f\000s\000\040\000d\000e\000s\000\040\000i\000m\000p\000\364\000t\000s\000\040\000l\000o\000c\000a\000u\000x}{section.1.2}% 5
\BOOKMARK [1][-]{section.1.3}{\376\377\000L\000e\000s\000\040\000r\000e\000s\000s\000o\000u\000r\000c\000e\000s\000\040\000f\000i\000s\000c\000a\000l\000e\000s\000\040\000d\000e\000s\000\040\000c\000o\000l\000l\000e\000c\000t\000i\000v\000i\000t\000\351\000s}{chapter.1}% 6
\BOOKMARK [2][-]{subsection.1.3.1}{\376\377\000L\000'\000i\000m\000p\000a\000c\000t\000\040\000d\000e\000s\000\040\000r\000e\000s\000s\000o\000u\000r\000c\000e\000s\000\040\000f\000i\000s\000c\000a\000l\000e\000s\000\040\000d\000a\000n\000s\000\040\000l\000e\000\040\000b\000u\000d\000g\000e\000t\000\040\000d\000e\000s\000\040\000c\000o\000l\000l\000e\000c\000t\000i\000v\000i\000t\000\351\000s}{section.1.3}% 7
\BOOKMARK [2][-]{subsection.1.3.2}{\376\377\000C\000o\000m\000p\000o\000s\000i\000t\000i\000o\000n\000\040\000d\000e\000\040\000l\000a\000\040\000f\000i\000s\000c\000a\000l\000i\000t\000\351\000\040\000d\000i\000r\000e\000c\000t\000e\000\040\000l\000o\000c\000a\000l\000e}{section.1.3}% 8
\BOOKMARK [2][-]{subsection.1.3.3}{\376\377\000L\000a\000\040\000r\000\351\000p\000a\000r\000t\000i\000t\000i\000o\000n\000\040\000e\000n\000t\000r\000e\000\040\000l\000e\000s\000\040\000c\000o\000l\000l\000e\000c\000t\000i\000v\000i\000t\000\351\000s}{section.1.3}% 9
\BOOKMARK [2][-]{subsection.1.3.4}{\376\377\000L\000e\000s\000\040\000i\000n\000t\000e\000r\000v\000e\000n\000a\000n\000t\000s\000\040\000d\000e\000\040\000l\000a\000\040\000f\000i\000s\000c\000a\000l\000i\000t\000\351\000\040\000d\000i\000r\000e\000c\000t\000e\000\040\000l\000o\000c\000a\000l\000e}{section.1.3}% 10
\BOOKMARK [3][-]{subsubsection.1.3.4.1}{\376\377\000U\000n\000e\000\040\000r\000e\000l\000a\000t\000i\000o\000n\000\040\000t\000r\000i\000p\000a\000r\000t\000i\000t\000e}{subsection.1.3.4}% 11
\BOOKMARK [3][-]{subsubsection.1.3.4.2}{\376\377\000L\000e\000\040\000r\000\364\000l\000e\000\040\000d\000e\000s\000\040\000c\000o\000l\000l\000e\000c\000t\000i\000v\000i\000t\000\351\000s\000\040\000l\000o\000c\000a\000l\000e\000s}{subsection.1.3.4}% 12
\BOOKMARK [3][-]{subsubsection.1.3.4.3}{\376\377\000L\000e\000\040\000r\000\364\000l\000e\000\040\000d\000e\000\040\000l\000'\000\311\000t\000a\000t}{subsection.1.3.4}% 13
\BOOKMARK [3][-]{subsubsection.1.3.4.4}{\376\377\000L\000e\000\040\000r\000\364\000l\000e\000\040\000d\000e\000s\000\040\000c\000o\000n\000t\000r\000i\000b\000u\000a\000b\000l\000e\000s}{subsection.1.3.4}% 14
\BOOKMARK [0][-]{chapter.2}{\376\377\000L\000e\000s\000\040\000\351\000v\000a\000l\000u\000a\000t\000i\000o\000n\000s\000\040\000c\000a\000d\000a\000s\000t\000r\000a\000l\000e\000s}{}% 15
\BOOKMARK [1][-]{section.2.1}{\376\377\000I\000n\000t\000r\000o\000d\000u\000c\000t\000i\000o\000n}{chapter.2}% 16
\BOOKMARK [1][-]{section.2.2}{\376\377\000L\000e\000s\000\040\000\351\000v\000a\000l\000u\000a\000t\000i\000o\000n\000s\000\040\000c\000a\000d\000a\000s\000t\000r\000a\000l\000e\000s\000\040\000d\000e\000s\000\040\000p\000r\000o\000p\000r\000i\000\351\000t\000\351\000s\000\040\000n\000o\000n\000\040\000b\000\342\000t\000i\000e\000s}{chapter.2}% 17
\BOOKMARK [2][-]{subsection.2.2.1}{\376\377\000L\000a\000\040\000c\000l\000a\000s\000s\000i\000f\000i\000c\000a\000t\000i\000o\000n}{section.2.2}% 18
\BOOKMARK [2][-]{subsection.2.2.2}{\376\377\000L\000'\000\351\000v\000a\000l\000u\000a\000t\000i\000o\000n}{section.2.2}% 19
\BOOKMARK [3][-]{subsubsection.2.2.2.1}{\376\377\000L\000e\000\040\000p\000r\000i\000n\000c\000i\000p\000e\000:\000\040\000l\000'\000\351\000v\000a\000l\000u\000a\000t\000i\000o\000n\000\040\000\340\000\040\000l\000'\000a\000i\000d\000e\000\040\000d\000e\000s\000\040\000a\000c\000t\000e\000s\000\040\000d\000e\000\040\000l\000o\000c\000a\000t\000i\000o\000n}{subsection.2.2.2}% 20
\BOOKMARK [3][-]{subsubsection.2.2.2.2}{\376\377\000L\000'\000e\000x\000c\000e\000p\000t\000i\000o\000n\000\040\000:\000\040\000l\000'\000\351\000v\000a\000l\000u\000a\000t\000i\000o\000n\000\040\000p\000a\000r\000\040\000v\000o\000i\000e\000\040\000d\000'\000a\000p\000p\000r\000\351\000c\000i\000a\000t\000i\000o\000n\000\040\000d\000i\000r\000e\000c\000t\000e}{subsection.2.2.2}% 21
\BOOKMARK [1][-]{section.2.3}{\376\377\000L\000e\000s\000\040\000\351\000v\000a\000l\000u\000a\000t\000i\000o\000n\000s\000\040\000f\000o\000n\000c\000i\000\350\000r\000e\000s\000\040\000d\000e\000s\000\040\000p\000r\000o\000p\000r\000i\000\351\000t\000\351\000s\000\040\000b\000\342\000t\000i\000e\000s}{chapter.2}% 22
\BOOKMARK [2][-]{subsection.2.3.1}{\376\377\000L\000'\000u\000n\000i\000t\000\351\000\040\000d\000'\000\351\000v\000a\000l\000u\000a\000t\000i\000o\000n}{section.2.3}% 23
\BOOKMARK [2][-]{subsection.2.3.2}{\376\377\000L\000'\000\351\000v\000a\000l\000u\000a\000t\000i\000o\000n\000\040\000d\000e\000s\000\040\000l\000o\000c\000a\000u\000x\000\040\000d\000'\000h\000a\000b\000i\000t\000a\000t\000i\000o\000n}{section.2.3}% 24
\BOOKMARK [2][-]{subsection.2.3.3}{\376\377\000L\000'\000\351\000v\000a\000l\000u\000a\000t\000i\000o\000n\000\040\000d\000e\000s\000\040\000l\000o\000c\000a\000u\000x\000\040\000p\000r\000o\000f\000e\000s\000s\000i\000o\000n\000n\000e\000l\000s}{section.2.3}% 25
\BOOKMARK [2][-]{subsection.2.3.4}{\376\377\000L\000'\000\351\000v\000a\000l\000u\000a\000t\000i\000o\000n\000\040\000d\000e\000s\000\040\000\351\000t\000a\000b\000l\000i\000s\000s\000e\000m\000e\000n\000t\000s\000\040\000i\000n\000d\000u\000s\000t\000r\000i\000e\000l\000s}{section.2.3}% 26
\BOOKMARK [1][-]{section.2.4}{\376\377\000P\000r\000\351\000s\000e\000n\000t\000a\000t\000i\000o\000n\000\040\000d\000e\000\040\000l\000a\000\040\000m\000\351\000t\000h\000o\000d\000e\000\040\000s\000i\000m\000p\000l\000i\000f\000i\000\351\000\040\000e\000n\000\040\000v\000i\000g\000u\000e\000u\000r\000\040\000a\000u\000\040\000C\000a\000d\000a\000s\000t\000r\000e}{chapter.2}% 27
\BOOKMARK [2][-]{subsection.2.4.1}{\376\377\000D\000\351\000t\000e\000r\000m\000i\000n\000a\000t\000i\000o\000n\000\040\000d\000e\000s\000\040\000p\000a\000r\000a\000m\000\350\000t\000r\000e\000s\000\040\000d\000e\000\040\000r\000\351\000f\000\351\000r\000e\000n\000c\000e\000\040\000:\000\040\000T\000a\000r\000i\000f\000,\000\040\000C\000o\000e\000f\000f\000i\000c\000i\000e\000n\000t\000\040\000d\040\031\000a\000f\000f\000e\000c\000t\000a\000t\000i\000o\000n\000\040\000e\000t\000\040\000C\000o\000e\000f\000f\000i\000c\000i\000e\000n\000t\000\040\000d\040\031\000a\000j\000u\000s\000t\000e\000m\000e\000n\000t}{section.2.4}% 28
\BOOKMARK [3][-]{subsubsection.2.4.1.1}{\376\377\000\040\000O\000b\000j\000e\000c\000t\000i\000f\000\040\000g\000\351\000n\000\351\000r\000a\000l}{subsection.2.4.1}% 29
\BOOKMARK [3][-]{subsubsection.2.4.1.2}{\376\377\000\040\000L\000e\000\040\000t\000a\000r\000i\000f\000\040\000d\000e\000\040\000r\000\351\000f\000\351\000r\000e\000n\000c\000e}{subsection.2.4.1}% 30
\BOOKMARK [3][-]{subsubsection.2.4.1.3}{\376\377\000\040\000L\000e\000\040\000c\000o\000e\000f\000f\000i\000c\000i\000e\000n\000t\000\040\000d\040\031\000a\000f\000f\000e\000c\000t\000a\000t\000i\000o\000n}{subsection.2.4.1}% 31
\BOOKMARK [3][-]{subsubsection.2.4.1.4}{\376\377\000L\000e\000\040\000c\000o\000e\000f\000f\000i\000c\000i\000e\000n\000t\000\040\000d\040\031\000a\000j\000u\000s\000t\000e\000m\000e\000n\000t}{subsection.2.4.1}% 32
\BOOKMARK [2][-]{subsection.2.4.2}{\376\377\000C\000a\000l\000c\000u\000l\000\040\000d\000e\000\040\000l\000a\000\040\000v\000a\000l\000e\000u\000r\000\040\000c\000a\000d\000a\000s\000t\000r\000a\000l\000e}{section.2.4}% 33
\BOOKMARK [2][-]{subsection.2.4.3}{\376\377\000P\000r\000i\000s\000e\000\040\000e\000n\000\040\000c\000o\000m\000p\000t\000e\000\040\000d\000e\000\040\000l\000a\000\040\000v\000a\000l\000e\000u\000r\000\040\000d\000\351\000c\000l\000a\000r\000\351\000e\000\040\000e\000t\000\040\000d\000\351\000t\000e\000r\000m\000i\000n\000a\000t\000i\000o\000n\000\040\000d\000e\000\040\000l\000a\000\040\000v\000a\000l\000e\000u\000r\000\040\000r\000e\000t\000e\000n\000u\000e}{section.2.4}% 34
\BOOKMARK [3][-]{subsubsection.2.4.3.1}{\376\377\000D\000\351\000t\000e\000r\000m\000i\000n\000a\000t\000i\000o\000n\000\040\000d\000e\000\040\000l\000a\000\040\000v\000a\000l\000e\000u\000r\000\040\000d\000\351\000c\000l\000a\000r\000\351\000e}{subsection.2.4.3}% 35
\BOOKMARK [3][-]{subsubsection.2.4.3.2}{\376\377\000S\000\351\000l\000e\000c\000t\000i\000o\000n\000\040\000d\000e\000\040\000l\000a\000\040\000v\000a\000l\000e\000u\000r\000\040\000r\000e\000t\000e\000n\000u\000e}{subsection.2.4.3}% 36
\BOOKMARK [2][-]{subsection.2.4.4}{\376\377\000C\000a\000l\000c\000u\000l\000\040\000d\000e\000\040\000l\000a\000\040\000b\000a\000s\000e\000\040\000d\040\031\000i\000m\000p\000o\000s\000i\000t\000i\000o\000n\000\040\000e\000t\000\040\000d\000e\000\040\000l\040\031\000i\000m\000p\000\364\000t\000\040\000e\000s\000t\000i\000m\000\351}{section.2.4}% 37
\BOOKMARK [3][-]{subsubsection.2.4.4.1}{\376\377\000\040\000O\000b\000j\000e\000c\000t\000i\000f}{subsection.2.4.4}% 38
\BOOKMARK [3][-]{subsubsection.2.4.4.2}{\376\377\000\040\000C\000a\000l\000c\000u\000l\000\040\000d\000e\000\040\000l\000a\000\040\000b\000a\000s\000e\000\040\000d\040\031\000i\000m\000p\000o\000s\000i\000t\000i\000o\000n}{subsection.2.4.4}% 39
\BOOKMARK [3][-]{subsubsection.2.4.4.3}{\376\377\000\040\000C\000a\000l\000c\000u\000l\000\040\000d\000e\000\040\000l\040\031\000i\000m\000p\000\364\000t\000\040\000e\000s\000t\000i\000m\000\351}{subsection.2.4.4}% 40
\BOOKMARK [2][-]{subsection.2.4.5}{\376\377\000C\000o\000n\000c\000l\000u\000s\000i\000o\000n}{section.2.4}% 41
\BOOKMARK [0][-]{chapter.3}{\376\377\000R\000\350\000g\000l\000e\000s\000\040\000e\000t\000\040\000p\000r\000i\000n\000c\000i\000p\000e\000s\000\040\000d\000e\000s\000\040\000d\000i\000f\000f\000\351\000r\000e\000n\000t\000e\000s\000\040\000t\000a\000x\000e\000s\000\040\000f\000o\000n\000c\000i\000\350\000r\000e\000s}{}% 42
\BOOKMARK [1][-]{section.3.1}{\376\377\000L\000a\000\040\000t\000a\000x\000e\000\040\000f\000o\000n\000c\000i\000\350\000r\000e\000\040\000s\000u\000r\000\040\000l\000e\000s\000\040\000p\000r\000o\000p\000r\000i\000\351\000t\000\351\000s\000\040\000b\000\342\000t\000i\000e\000s}{chapter.3}% 43
\BOOKMARK [2][-]{subsection.3.1.1}{\376\377\000P\000r\000o\000p\000r\000i\000\351\000t\000\351\000s\000\040\000i\000m\000p\000o\000s\000a\000b\000l\000e\000s}{section.3.1}% 44
\BOOKMARK [3][-]{subsubsection.3.1.1.1}{\376\377\000L\000e\000s\000\040\000p\000r\000o\000p\000r\000i\000\351\000t\000\351\000s\000\040\000i\000m\000p\000o\000s\000a\000b\000l\000e\000s\000\040\000s\000o\000n\000t\000\040\000d\000e\000s\000\040\000b\000\342\000t\000i\000m\000e\000n\000t\000s\000\040\000f\000i\000x\000\351\000s\000\040\000a\000u\000\040\000s\000o\000l\000\040\000q\000u\000i\000\040\000d\000o\000i\000v\000e\000n\000t\000\040\000\352\000t\000r\000e\000\040\000a\000c\000h\000e\000v\000\351\000s}{subsection.3.1.1}% 45
\BOOKMARK [3][-]{subsubsection.3.1.1.2}{\376\377\000S\000o\000n\000t\000\040\000\351\000g\000a\000l\000e\000m\000e\000n\000t\000\040\000b\000\342\000t\000i\000m\000e\000n\000t\000s\000\040\000c\000e\000r\000t\000a\000i\000n\000s\000\040\000m\000e\000u\000b\000l\000e\000s\000\040\000o\000u\000\040\000c\000e\000r\000t\000a\000i\000n\000s\000\040\000t\000e\000r\000r\000a\000i\000n\000s}{subsection.3.1.1}% 46
\BOOKMARK [2][-]{subsection.3.1.2}{\376\377\000L\000e\000s\000\040\000e\000x\000o\000n\000\351\000r\000a\000t\000i\000o\000n\000s\000\040\000d\000e\000\040\000t\000a\000x\000e\000\040\000f\000o\000n\000c\000i\000\350\000r\000e\000\040\000s\000u\000r\000\040\000l\000e\000s\000\040\000p\000r\000o\000p\000r\000i\000\351\000t\000\351\000s\000\040\000b\000\342\000t\000i\000e\000s}{section.3.1}% 47
\BOOKMARK [3][-]{subsubsection.3.1.2.1}{\376\377\000E\000x\000o\000n\000\351\000r\000a\000t\000i\000o\000n\000s\000\040\000t\000e\000m\000p\000o\000r\000a\000i\000r\000e\000s}{subsection.3.1.2}% 48
\BOOKMARK [3][-]{subsubsection.3.1.2.2}{\376\377\000L\000e\000s\000\040\000e\000x\000o\000n\000\351\000r\000a\000t\000i\000o\000n\000s\000\040\000p\000e\000r\000m\000a\000n\000e\000n\000t\000e\000s\000\040\000\050\000A\000r\000t\000.\000\040\0002\0006\0001\000\040\000G\000C\000I\000\051}{subsection.3.1.2}% 49
\BOOKMARK [2][-]{subsection.3.1.3}{\376\377\000C\000a\000l\000c\000u\000l\000\040\000d\000e\000\040\000l\000a\000\040\000t\000a\000x\000e\000\040\000f\000o\000n\000c\000i\000\350\000r\000e\000\040\000s\000u\000r\000\040\000l\000e\000s\000\040\000p\000r\000o\000p\000r\000i\000\351\000t\000\351\000s\000\040\000b\000\342\000t\000i\000e\000s}{section.3.1}% 50
\BOOKMARK [2][-]{subsection.3.1.4}{\376\377\000L\000a\000\040\000d\000\351\000t\000e\000r\000m\000i\000n\000a\000t\000i\000o\000n\000\040\000d\000u\000\040\000d\000\351\000b\000i\000t\000e\000u\000r\000\040\000d\000e\000\040\000l\000a\000\040\000t\000a\000x\000e\000\040\000f\000o\000n\000c\000i\000\350\000r\000e}{section.3.1}% 51
\BOOKMARK [1][-]{section.3.2}{\376\377\000L\000a\000\040\000t\000a\000x\000e\000\040\000f\000o\000n\000c\000i\000\350\000r\000e\000\040\000s\000u\000r\000\040\000l\000e\000s\000\040\000p\000r\000o\000p\000r\000i\000\351\000t\000\351\000s\000\040\000n\000o\000n\000\040\000b\000\342\000t\000i\000e\000s}{chapter.3}% 52
\BOOKMARK [2][-]{subsection.3.2.1}{\376\377\000L\000e\000s\000\040\000e\000x\000o\000n\000\351\000r\000a\000t\000i\000o\000n\000s\000\040\000d\000e\000\040\000l\000a\000\040\000t\000a\000x\000e\000\040\000f\000o\000n\000c\000i\000\350\000r\000e\000\040\000s\000u\000r\000\040\000l\000e\000s\000\040\000p\000r\000o\000p\000r\000i\000\351\000t\000\351\000s\000\040\000n\000o\000n\000\040\000b\000\342\000t\000i\000e\000s}{section.3.2}% 53
\BOOKMARK [2][-]{subsection.3.2.2}{\376\377\000B\000a\000s\000e\000\040\000d\000'\000i\000m\000p\000o\000s\000i\000t\000i\000o\000n\000\040\000e\000t\000\040\000t\000a\000u\000x}{section.3.2}% 54
\BOOKMARK [1][-]{section.3.3}{\376\377\000L\000a\000\040\000t\000a\000x\000e\000\040\000d\000'\000h\000a\000b\000i\000t\000a\000t\000i\000o\000n}{chapter.3}% 55
\BOOKMARK [2][-]{subsection.3.3.1}{\376\377\000P\000e\000r\000s\000o\000n\000n\000e\000s\000\040\000i\000m\000p\000o\000s\000a\000b\000l\000e\000s\000\040\040\024\000\040\000L\000i\000e\000u\000\040\000d\000'\000i\000m\000p\000o\000s\000i\000t\000i\000o\000n}{section.3.3}% 56
\BOOKMARK [2][-]{subsection.3.3.2}{\376\377\000P\000e\000r\000s\000o\000n\000n\000e\000s\000\040\000e\000x\000o\000n\000\351\000r\000\351\000e\000s}{section.3.3}% 57
\BOOKMARK [2][-]{subsection.3.3.3}{\376\377\000B\000a\000s\000e\000\040\000d\040\031\000i\000m\000p\000o\000s\000i\000t\000i\000o\000n}{section.3.3}% 58
